[debug] [2024-11-11T14:35:45.992Z] ----------------------------------------------------------------------
[debug] [2024-11-11T14:35:45.996Z] Command:       C:\Program Files\nodejs\node.exe C:\Users\HP\AppData\Roaming\npm\node_modules\firebase-tools\lib\bin\firebase.js deploy --only hosting
[debug] [2024-11-11T14:35:45.996Z] CLI Version:   13.24.2
[debug] [2024-11-11T14:35:45.997Z] Platform:      win32
[debug] [2024-11-11T14:35:45.997Z] Node Version:  v20.17.0
[debug] [2024-11-11T14:35:45.997Z] Time:          Mon Nov 11 2024 15:35:45 GMT+0100 (GMT+01:00)
[debug] [2024-11-11T14:35:45.997Z] ----------------------------------------------------------------------
[debug] 
[debug] [2024-11-11T14:35:46.082Z] > command requires scopes: ["email","openid","https://www.googleapis.com/auth/cloudplatformprojects.readonly","https://www.googleapis.com/auth/firebase","https://www.googleapis.com/auth/cloud-platform"]
[debug] [2024-11-11T14:35:46.082Z] > authorizing via signed-in user (mrfentr@gmail.com)
[debug] [2024-11-11T14:35:46.082Z] [iam] checking project barbaro-91af8 for permissions ["firebase.projects.get","firebasehosting.sites.update"]
[debug] [2024-11-11T14:35:46.084Z] Checked if tokens are valid: true, expires at: 1731337153211
[debug] [2024-11-11T14:35:46.084Z] Checked if tokens are valid: true, expires at: 1731337153211
[debug] [2024-11-11T14:35:46.086Z] >>> [apiv2][query] POST https://cloudresourcemanager.googleapis.com/v1/projects/barbaro-91af8:testIamPermissions [none]
[debug] [2024-11-11T14:35:46.086Z] >>> [apiv2][(partial)header] POST https://cloudresourcemanager.googleapis.com/v1/projects/barbaro-91af8:testIamPermissions x-goog-quota-user=projects/barbaro-91af8
[debug] [2024-11-11T14:35:46.086Z] >>> [apiv2][body] POST https://cloudresourcemanager.googleapis.com/v1/projects/barbaro-91af8:testIamPermissions {"permissions":["firebase.projects.get","firebasehosting.sites.update"]}
[debug] [2024-11-11T14:35:47.130Z] <<< [apiv2][status] POST https://cloudresourcemanager.googleapis.com/v1/projects/barbaro-91af8:testIamPermissions 200
[debug] [2024-11-11T14:35:47.131Z] <<< [apiv2][body] POST https://cloudresourcemanager.googleapis.com/v1/projects/barbaro-91af8:testIamPermissions {"permissions":["firebase.projects.get","firebasehosting.sites.update"]}
[debug] [2024-11-11T14:35:47.131Z] Checked if tokens are valid: true, expires at: 1731337153211
[debug] [2024-11-11T14:35:47.131Z] Checked if tokens are valid: true, expires at: 1731337153211
[debug] [2024-11-11T14:35:47.132Z] >>> [apiv2][query] GET https://firebase.googleapis.com/v1beta1/projects/barbaro-91af8 [none]
[debug] [2024-11-11T14:35:48.758Z] <<< [apiv2][status] GET https://firebase.googleapis.com/v1beta1/projects/barbaro-91af8 200
[debug] [2024-11-11T14:35:48.759Z] <<< [apiv2][body] GET https://firebase.googleapis.com/v1beta1/projects/barbaro-91af8 {"projectId":"barbaro-91af8","projectNumber":"950116710394","displayName":"barbaro","name":"projects/barbaro-91af8","resources":{"hostingSite":"barbaro-91af8","realtimeDatabaseInstance":"barbaro-91af8-default-rtdb"},"state":"ACTIVE","etag":"1_0c809995-e47d-41b7-a30c-7247e334da45"}
[debug] [2024-11-11T14:35:51.686Z] Checked if tokens are valid: true, expires at: 1731337153211
[debug] [2024-11-11T14:35:51.686Z] Checked if tokens are valid: true, expires at: 1731337153211
[debug] [2024-11-11T14:35:51.687Z] >>> [apiv2][query] GET https://firebasehosting.googleapis.com/v1beta1/projects/barbaro-91af8/sites pageToken=&pageSize=10
[debug] [2024-11-11T14:35:52.772Z] <<< [apiv2][status] GET https://firebasehosting.googleapis.com/v1beta1/projects/barbaro-91af8/sites 200
[debug] [2024-11-11T14:35:52.772Z] <<< [apiv2][body] GET https://firebasehosting.googleapis.com/v1beta1/projects/barbaro-91af8/sites {"sites":[{"name":"projects/barbaro-91af8/sites/barbaro","defaultUrl":"https://barbaro.web.app","type":"USER_SITE"},{"name":"projects/barbaro-91af8/sites/barbaro-91af8","defaultUrl":"https://barbaro-91af8.web.app","appId":"1:950116710394:web:9e22c1584cad3926b61643","type":"DEFAULT_SITE"}]}
[debug] [2024-11-11T14:35:52.772Z] Checked if tokens are valid: true, expires at: 1731337153211
[debug] [2024-11-11T14:35:52.772Z] Checked if tokens are valid: true, expires at: 1731337153211
[debug] [2024-11-11T14:35:52.772Z] >>> [apiv2][query] GET https://firebase.googleapis.com/v1beta1/projects/-/webApps/1:950116710394:web:9e22c1584cad3926b61643/config [none]
[debug] [2024-11-11T14:35:53.408Z] <<< [apiv2][status] GET https://firebase.googleapis.com/v1beta1/projects/-/webApps/1:950116710394:web:9e22c1584cad3926b61643/config 200
[debug] [2024-11-11T14:35:53.408Z] <<< [apiv2][body] GET https://firebase.googleapis.com/v1beta1/projects/-/webApps/1:950116710394:web:9e22c1584cad3926b61643/config {"projectId":"barbaro-91af8","appId":"1:950116710394:web:9e22c1584cad3926b61643","databaseURL":"https://barbaro-91af8-default-rtdb.europe-west1.firebasedatabase.app","storageBucket":"barbaro-91af8.firebasestorage.app","apiKey":"AIzaSyDYZofLWFIyve9S67tsVUuHrxAISIaizvQ","authDomain":"barbaro-91af8.firebaseapp.com","messagingSenderId":"950116710394"}
[info] 
   Thank you for trying our early preview of Next.js support on Firebase Hosting.
   During the preview, support is best-effort and breaking changes can be expected. Proceed with caution.

   Documentation: https://firebase.google.com/docs/hosting/frameworks/nextjs
   File a bug: https://github.com/firebase/firebase-tools/issues/new?template=bug_report.md
   Submit a feature request: https://github.com/firebase/firebase-tools/issues/new?template=feature_request.md

   We'd love to learn from you. Express your interest in helping us shape the future of Firebase Hosting: https://goo.gle/41enW5X

[debug] [2024-11-11T14:36:00.040Z] Checked if tokens are valid: true, expires at: 1731337153211
[debug] [2024-11-11T14:36:00.040Z] Checked if tokens are valid: true, expires at: 1731337153211
[debug] [2024-11-11T14:36:00.040Z] >>> [apiv2][query] GET https://firebasehosting.googleapis.com/v1beta1/projects/barbaro-91af8/sites/barbaro-91af8 [none]
[debug] [2024-11-11T14:36:01.462Z] <<< [apiv2][status] GET https://firebasehosting.googleapis.com/v1beta1/projects/barbaro-91af8/sites/barbaro-91af8 200
[debug] [2024-11-11T14:36:01.462Z] <<< [apiv2][body] GET https://firebasehosting.googleapis.com/v1beta1/projects/barbaro-91af8/sites/barbaro-91af8 {"name":"projects/barbaro-91af8/sites/barbaro-91af8","defaultUrl":"https://barbaro-91af8.web.app","appId":"1:950116710394:web:9e22c1584cad3926b61643","type":"DEFAULT_SITE"}
[info]  ⚠ Invalid next.config.js options detected: 

[info]  ⚠     Expected object, received boolean at "experimental.serverActions"
 ⚠ See more info here: https://nextjs.org/docs/messages/invalid-next-config

[info]  ⚠ Server Actions are available by default now, `experimental.serverActions` option can be safely removed.

[info]   ▲ Next.js 14.2.17

[info]   - Environments: .env.local


[info]    Creating an optimized production build ...

[info]  ✓ Compiled successfully

[info]    Linting and checking validity of types ...

[info]    Collecting page data ...

[info]    Generating static pages (0/29) ...

[info]    Generating static pages (7/29) 

[info]    Generating static pages (14/29) 

[info]    Generating static pages (21/29) 

[info]  ✓ Generating static pages (29/29)

[info]    Finalizing page optimization ...

[info]    Collecting build traces ...

[info] 

[info] Route (app)                               Size     First Load JS
┌ ○ /                                     4.08 kB         207 kB
├ ○ /_not-found                           872 B          88.4 kB
├ ƒ /api/generate-pdf                     0 B                0 B
├ ƒ /api/send-email                       0 B                0 B
├ ƒ /api/send-employee-invite             0 B                0 B
├ ƒ /api/send-whatsapp                    0 B                0 B
├ ƒ /api/verify-employee                  0 B                0 B
├ ƒ /api/webhook/booking                  0 B                0 B
├ ○ /auth                                 1.31 kB        88.8 kB
├ ○ /auth/select-role                     1.34 kB        88.9 kB
├ ○ /bookings                             1.34 kB        88.9 kB
├ ○ /deleted-bookings                     1.35 kB        88.9 kB
├ ○ /employee-signup                      1.36 kB        88.9 kB
├ ○ /settings                             1.11 kB         199 kB
├ ○ /settings/account                     1.35 kB        88.9 kB
├ ○ /settings/configuration               1.31 kB        88.8 kB
├ ○ /settings/employees                   2.5 kB          201 kB
├ ● /supplier/[...slug]                   559 B          88.1 kB
├   ├ /supplier/list
├   ├ /supplier/create
├   ├ /supplier/edit
├   └ /supplier/view
└ ● /supplier/[id]                        1.06 kB         199 kB
    ├ /supplier/1
    ├ /supplier/2
    ├ /supplier/3
    └ [+2 more paths]
+ First Load JS shared by all             87.5 kB
  ├ chunks/117-5824d389550dbf03.js        31.6 kB
  ├ chunks/fd9d1056-5d5b8e0b238c0110.js   53.6 kB
  └ other shared chunks (total)           2.31 kB

Route (pages)                             Size     First Load JS
─ ƒ /api/import-spreadsheet               0 B            79.5 kB
+ First Load JS shared by all             79.5 kB
  ├ chunks/framework-d1703057b07599d4.js  44.8 kB
  ├ chunks/main-1ec002cf15414448.js       32.4 kB
  └ other shared chunks (total)           2.28 kB

ƒ Middleware                              26.5 kB

[info] 
○  (Static)   prerendered as static content
●  (SSG)      prerendered as static HTML (uses getStaticProps)
ƒ  (Dynamic)  server-rendered on demand


[info] Building a Cloud Function to run this application. This is needed due to:
[info]  • middleware
[info]  • use of fallback /supplier/[...slug]
[info]  • use of fallback /supplier/[id]
[info]  • non-static route /api/import-spreadsheet
[info]  • non-static component /api/generate-pdf/route
[debug] [2024-11-11T14:37:00.973Z]  • non-static component /api/send-email/route
[debug] [2024-11-11T14:37:00.973Z]  • non-static component /api/webhook/booking/route
[debug] [2024-11-11T14:37:00.973Z]  • non-static component /api/send-employee-invite/route
[debug] [2024-11-11T14:37:00.973Z]  • non-static component /api/send-whatsapp/route
[debug] [2024-11-11T14:37:00.973Z]  • non-static component /api/verify-employee/route
[info]  • and 5 other reasons, use --debug to see more
[info] 
[debug] [2024-11-11T14:37:02.239Z] skipping /settings/configuration due to it matching an unsupported rewrite/redirect/header or middlware
[debug] [2024-11-11T14:37:02.239Z] skipping /settings/employees due to it matching an unsupported rewrite/redirect/header or middlware
[debug] [2024-11-11T14:37:12.564Z] Checked if tokens are valid: true, expires at: 1731337153211
[debug] [2024-11-11T14:37:12.564Z] Checked if tokens are valid: true, expires at: 1731337153211
[debug] [2024-11-11T14:37:12.564Z] >>> [apiv2][query] GET https://firebasehosting.googleapis.com/v1beta1/projects/barbaro-91af8/sites/barbaro-91af8 [none]
[debug] [2024-11-11T14:37:13.543Z] <<< [apiv2][status] GET https://firebasehosting.googleapis.com/v1beta1/projects/barbaro-91af8/sites/barbaro-91af8 200
[debug] [2024-11-11T14:37:13.543Z] <<< [apiv2][body] GET https://firebasehosting.googleapis.com/v1beta1/projects/barbaro-91af8/sites/barbaro-91af8 {"name":"projects/barbaro-91af8/sites/barbaro-91af8","defaultUrl":"https://barbaro-91af8.web.app","appId":"1:950116710394:web:9e22c1584cad3926b61643","type":"DEFAULT_SITE"}
[debug] [2024-11-11T14:37:28.774Z] [web frameworks] effective firebase.json:  {
  "hosting": [
    {
      "source": ".",
      "ignore": [
        "firebase.json",
        "**/.*",
        "**/node_modules/**"
      ],
      "rewrites": [
        {
          "source": "**",
          "destination": "/index.html"
        },
        {
          "source": "**",
          "function": {
            "functionId": "ssrbarbaro91af8",
            "region": "us-central1",
            "pinTag": true
          }
        }
      ],
      "site": "barbaro-91af8",
      "redirects": [],
      "headers": [
        {
          "source": "/api/:path*",
          "headers": [
            {
              "key": "Access-Control-Allow-Origin",
              "value": "*"
            },
            {
              "key": "Access-Control-Allow-Methods",
              "value": "GET,POST,PUT,DELETE"
            },
            {
              "key": "Access-Control-Allow-Headers",
              "value": "Content-Type"
            }
          ]
        },
        {
          "source": "/_not-found",
          "headers": [
            {
              "key": "x-next-cache-tags",
              "value": "_N_T_/layout,_N_T_/_not-found/layout,_N_T_/_not-found/page,_N_T_/_not-found"
            }
          ]
        },
        {
          "source": "/auth",
          "headers": [
            {
              "key": "x-next-cache-tags",
              "value": "_N_T_/layout,_N_T_/auth/layout,_N_T_/auth/page,_N_T_/auth"
            }
          ]
        },
        {
          "source": "/bookings",
          "headers": [
            {
              "key": "x-next-cache-tags",
              "value": "_N_T_/layout,_N_T_/bookings/layout,_N_T_/bookings/page,_N_T_/bookings"
            }
          ]
        },
        {
          "source": "/deleted-bookings",
          "headers": [
            {
              "key": "x-next-cache-tags",
              "value": "_N_T_/layout,_N_T_/deleted-bookings/layout,_N_T_/deleted-bookings/page,_N_T_/deleted-bookings"
            }
          ]
        },
        {
          "source": "/employee-signup",
          "headers": [
            {
              "key": "x-next-cache-tags",
              "value": "_N_T_/layout,_N_T_/employee-signup/layout,_N_T_/employee-signup/page,_N_T_/employee-signup"
            }
          ]
        },
        {
          "source": "/favicon.ico",
          "headers": [
            {
              "key": "cache-control",
              "value": "public, max-age=0, must-revalidate"
            },
            {
              "key": "content-type",
              "value": "image/x-icon"
            },
            {
              "key": "x-next-cache-tags",
              "value": "_N_T_/layout,_N_T_/favicon.ico/layout,_N_T_/favicon.ico/route,_N_T_/favicon.ico"
            }
          ]
        },
        {
          "source": "/auth/select-role",
          "headers": [
            {
              "key": "x-next-cache-tags",
              "value": "_N_T_/layout,_N_T_/auth/layout,_N_T_/auth/select-role/layout,_N_T_/auth/select-role/page,_N_T_/auth/select-role"
            }
          ]
        },
        {
          "source": "/settings/configuration",
          "headers": [
            {
              "key": "x-next-cache-tags",
              "value": "_N_T_/layout,_N_T_/settings/layout,_N_T_/settings/configuration/layout,_N_T_/settings/configuration/page,_N_T_/settings/configuration"
            }
          ]
        },
        {
          "source": "/settings",
          "headers": [
            {
              "key": "x-next-cache-tags",
              "value": "_N_T_/layout,_N_T_/settings/layout,_N_T_/settings/page,_N_T_/settings"
            }
          ]
        },
        {
          "source": "/settings/employees",
          "headers": [
            {
              "key": "x-next-cache-tags",
              "value": "_N_T_/layout,_N_T_/settings/layout,_N_T_/settings/employees/layout,_N_T_/settings/employees/page,_N_T_/settings/employees"
            }
          ]
        },
        {
          "source": "/settings/account",
          "headers": [
            {
              "key": "x-next-cache-tags",
              "value": "_N_T_/layout,_N_T_/settings/layout,_N_T_/settings/account/layout,_N_T_/settings/account/page,_N_T_/settings/account"
            }
          ]
        },
        {
          "source": "**/*.[jt]s",
          "headers": [
            {
              "key": "Set-Cookie",
              "value": "__FIREBASE_DEFAULTS__=eyJjb25maWciOnsicHJvamVjdElkIjoiYmFyYmFyby05MWFmOCIsImFwcElkIjoiMTo5NTAxMTY3MTAzOTQ6d2ViOjllMjJjMTU4NGNhZDM5MjZiNjE2NDMiLCJkYXRhYmFzZVVSTCI6Imh0dHBzOi8vYmFyYmFyby05MWFmOC1kZWZhdWx0LXJ0ZGIuZXVyb3BlLXdlc3QxLmZpcmViYXNlZGF0YWJhc2UuYXBwIiwic3RvcmFnZUJ1Y2tldCI6ImJhcmJhcm8tOTFhZjguZmlyZWJhc2VzdG9yYWdlLmFwcCIsImFwaUtleSI6IkFJemFTeURZWm9mTFdGSXl2ZTlTNjd0c1ZVdUhyeEFJU0lhaXp2USIsImF1dGhEb21haW4iOiJiYXJiYXJvLTkxYWY4LmZpcmViYXNlYXBwLmNvbSIsIm1lc3NhZ2luZ1NlbmRlcklkIjoiOTUwMTE2NzEwMzk0In0sIl9hdXRoVG9rZW5TeW5jVVJMIjoiL19fc2Vzc2lvbiJ9; SameSite=Strict; Expires=2026-10-07T01:17:28.774Z; Path=/;"
            }
          ]
        }
      ],
      "cleanUrls": true,
      "trailingSlash": false,
      "public": ".firebase\\barbaro-91af8\\hosting",
      "webFramework": "next_ssr"
    }
  ],
  "functions": [
    {
      "source": ".firebase\\barbaro-91af8\\functions",
      "codebase": "firebase-frameworks-barbaro-91af8"
    }
  ]
}
[debug] [2024-11-11T14:37:28.774Z] > command requires scopes: ["email","openid","https://www.googleapis.com/auth/cloudplatformprojects.readonly","https://www.googleapis.com/auth/firebase","https://www.googleapis.com/auth/cloud-platform"]
[debug] [2024-11-11T14:37:28.775Z] > authorizing via signed-in user (mrfentr@gmail.com)
[debug] [2024-11-11T14:37:28.775Z] [iam] checking project barbaro-91af8 for permissions ["cloudfunctions.functions.create","cloudfunctions.functions.delete","cloudfunctions.functions.get","cloudfunctions.functions.list","cloudfunctions.functions.update","cloudfunctions.operations.get","firebase.projects.get"]
[debug] [2024-11-11T14:37:28.775Z] Checked if tokens are valid: true, expires at: 1731337153211
[debug] [2024-11-11T14:37:28.775Z] Checked if tokens are valid: true, expires at: 1731337153211
[debug] [2024-11-11T14:37:28.775Z] >>> [apiv2][query] POST https://cloudresourcemanager.googleapis.com/v1/projects/barbaro-91af8:testIamPermissions [none]
[debug] [2024-11-11T14:37:28.775Z] >>> [apiv2][(partial)header] POST https://cloudresourcemanager.googleapis.com/v1/projects/barbaro-91af8:testIamPermissions x-goog-quota-user=projects/barbaro-91af8
[debug] [2024-11-11T14:37:28.776Z] >>> [apiv2][body] POST https://cloudresourcemanager.googleapis.com/v1/projects/barbaro-91af8:testIamPermissions {"permissions":["cloudfunctions.functions.create","cloudfunctions.functions.delete","cloudfunctions.functions.get","cloudfunctions.functions.list","cloudfunctions.functions.update","cloudfunctions.operations.get","firebase.projects.get"]}
[debug] [2024-11-11T14:37:29.525Z] <<< [apiv2][status] POST https://cloudresourcemanager.googleapis.com/v1/projects/barbaro-91af8:testIamPermissions 200
[debug] [2024-11-11T14:37:29.526Z] <<< [apiv2][body] POST https://cloudresourcemanager.googleapis.com/v1/projects/barbaro-91af8:testIamPermissions {"permissions":["cloudfunctions.functions.create","cloudfunctions.functions.delete","cloudfunctions.functions.get","cloudfunctions.functions.list","cloudfunctions.functions.update","cloudfunctions.operations.get","firebase.projects.get"]}
[debug] [2024-11-11T14:37:29.528Z] Checked if tokens are valid: true, expires at: 1731337153211
[debug] [2024-11-11T14:37:29.528Z] Checked if tokens are valid: true, expires at: 1731337153211
[debug] [2024-11-11T14:37:29.529Z] >>> [apiv2][query] GET https://cloudfunctions.googleapis.com/v1/projects/barbaro-91af8/locations/-/functions [none]
[debug] [2024-11-11T14:37:30.341Z] <<< [apiv2][status] GET https://cloudfunctions.googleapis.com/v1/projects/barbaro-91af8/locations/-/functions 200
[debug] [2024-11-11T14:37:30.342Z] <<< [apiv2][body] GET https://cloudfunctions.googleapis.com/v1/projects/barbaro-91af8/locations/-/functions {}
[debug] [2024-11-11T14:37:30.343Z] Checked if tokens are valid: true, expires at: 1731337153211
[debug] [2024-11-11T14:37:30.344Z] Checked if tokens are valid: true, expires at: 1731337153211
[debug] [2024-11-11T14:37:30.346Z] >>> [apiv2][query] GET https://cloudfunctions.googleapis.com/v2/projects/barbaro-91af8/locations/-/functions filter=environment%3D%22GEN_2%22
[debug] [2024-11-11T14:37:31.707Z] <<< [apiv2][status] GET https://cloudfunctions.googleapis.com/v2/projects/barbaro-91af8/locations/-/functions 200
[debug] [2024-11-11T14:37:31.708Z] <<< [apiv2][body] GET https://cloudfunctions.googleapis.com/v2/projects/barbaro-91af8/locations/-/functions {"functions":[{"name":"projects/barbaro-91af8/locations/us-central1/functions/nextServer","buildConfig":{"build":"projects/950116710394/locations/us-central1/builds/5593f852-73b1-42c6-b6c0-842962cfe7c0","runtime":"nodejs18","entryPoint":"nextServer","source":{"storageSource":{"bucket":"gcf-v2-sources-950116710394-us-central1","object":"nextServer/function-source.zip","generation":"1731332386993442"}},"environmentVariables":{"GOOGLE_NODE_RUN_SCRIPTS":""},"dockerRepository":"projects/barbaro-91af8/locations/us-central1/repositories/gcf-artifacts","sourceProvenance":{"resolvedStorageSource":{"bucket":"gcf-v2-sources-950116710394-us-central1","object":"nextServer/function-source.zip","generation":"1731332386993442"}},"dockerRegistry":"ARTIFACT_REGISTRY","serviceAccount":"projects/barbaro-91af8/serviceAccounts/950116710394-compute@developer.gserviceaccount.com","automaticUpdatePolicy":{}},"serviceConfig":{"service":"projects/barbaro-91af8/locations/us-central1/services/nextserver","timeoutSeconds":120,"environmentVariables":{"FIREBASE_CONFIG":"{\"projectId\":\"barbaro-91af8\",\"databaseURL\":\"https://barbaro-91af8-default-rtdb.europe-west1.firebasedatabase.app\",\"storageBucket\":\"barbaro-91af8.firebasestorage.app\"}","GCLOUD_PROJECT":"barbaro-91af8","EVENTARC_CLOUD_EVENT_SOURCE":"projects/barbaro-91af8/locations/us-central1/services/nextServer","FUNCTION_TARGET":"nextServer","LOG_EXECUTION_ID":"true"},"maxInstanceCount":3,"ingressSettings":"ALLOW_ALL","uri":"https://nextserver-x6pzvifkza-uc.a.run.app","serviceAccountEmail":"950116710394-compute@developer.gserviceaccount.com","minInstanceCount":1,"availableMemory":"4Gi","allTrafficOnLatestRevision":true,"revision":"nextserver-00001-rat","maxInstanceRequestConcurrency":80,"availableCpu":"2"},"state":"ACTIVE","updateTime":"2024-11-11T14:29:13.470903162Z","labels":{"deployment-tool":"cli-firebase","firebase-functions-hash":"c88988e889217a12457c66398b63c36faa2f9ae2"},"environment":"GEN_2","url":"https://us-central1-barbaro-91af8.cloudfunctions.net/nextServer","createTime":"2024-11-11T13:39:47.221538546Z"},{"name":"projects/barbaro-91af8/locations/us-central1/functions/ssrbarbaro91af8","buildConfig":{"build":"projects/950116710394/locations/us-central1/builds/7f5e4079-afb5-4e8b-a527-b9eb6ed9911d","runtime":"nodejs20","entryPoint":"ssrbarbaro91af8","source":{"storageSource":{"bucket":"gcf-v2-sources-950116710394-us-central1","object":"ssrbarbaro91af8/function-source.zip","generation":"1731333710134155"}},"environmentVariables":{"GOOGLE_NODE_RUN_SCRIPTS":""},"dockerRepository":"projects/barbaro-91af8/locations/us-central1/repositories/gcf-artifacts","sourceProvenance":{"resolvedStorageSource":{"bucket":"gcf-v2-sources-950116710394-us-central1","object":"ssrbarbaro91af8/function-source.zip","generation":"1731333710134155"}},"dockerRegistry":"ARTIFACT_REGISTRY","serviceAccount":"projects/barbaro-91af8/serviceAccounts/950116710394-compute@developer.gserviceaccount.com","automaticUpdatePolicy":{}},"serviceConfig":{"service":"projects/barbaro-91af8/locations/us-central1/services/ssrbarbaro91af8","timeoutSeconds":60,"environmentVariables":{"VERCEL_URL":"barbaro-91af8.web.app","__FIREBASE_FRAMEWORKS_ENTRY__":"next.js","__FIREBASE_DEFAULTS__":"{\"config\":{\"projectId\":\"barbaro-91af8\",\"appId\":\"1:950116710394:web:9e22c1584cad3926b61643\",\"databaseURL\":\"https://barbaro-91af8-default-rtdb.europe-west1.firebasedatabase.app\",\"storageBucket\":\"barbaro-91af8.firebasestorage.app\",\"apiKey\":\"AIzaSyDYZofLWFIyve9S67tsVUuHrxAISIaizvQ\",\"authDomain\":\"barbaro-91af8.firebaseapp.com\",\"messagingSenderId\":\"950116710394\"},\"_authTokenSyncURL\":\"/__session\"}","FIREBASE_CONFIG":"{\"projectId\":\"barbaro-91af8\",\"databaseURL\":\"https://barbaro-91af8-default-rtdb.europe-west1.firebasedatabase.app\",\"storageBucket\":\"barbaro-91af8.firebasestorage.app\"}","GCLOUD_PROJECT":"barbaro-91af8","EVENTARC_CLOUD_EVENT_SOURCE":"projects/barbaro-91af8/locations/us-central1/services/ssrbarbaro91af8","FUNCTION_TARGET":"ssrbarbaro91af8","LOG_EXECUTION_ID":"true"},"maxInstanceCount":3,"ingressSettings":"ALLOW_ALL","uri":"https://ssrbarbaro91af8-x6pzvifkza-uc.a.run.app","serviceAccountEmail":"950116710394-compute@developer.gserviceaccount.com","availableMemory":"256Mi","allTrafficOnLatestRevision":true,"revision":"ssrbarbaro91af8-00001-riv","maxInstanceRequestConcurrency":80,"availableCpu":"1"},"state":"ACTIVE","updateTime":"2024-11-11T14:29:13.515830389Z","labels":{"firebase-functions-hash":"68bbdccd9589882765c08aff0e345b8fc06d89d9","deployment-tool":"cli-firebase","firebase-functions-codebase":"firebase-frameworks-barbaro-91af8"},"environment":"GEN_2","url":"https://us-central1-barbaro-91af8.cloudfunctions.net/ssrbarbaro91af8","createTime":"2024-11-11T14:01:50.369220300Z"}]}
[info] i  hosting: The following function(s) are pinned to site barbaro-91af8 and will be deployed as well: ssrbarbaro91af8 
[info] 
[info] === Deploying to 'barbaro-91af8'...
[info] 
[info] i  deploying functions, hosting 
[debug] [2024-11-11T14:37:31.730Z] Checked if tokens are valid: true, expires at: 1731337153211
[debug] [2024-11-11T14:37:31.730Z] Checked if tokens are valid: true, expires at: 1731337153211
[debug] [2024-11-11T14:37:31.731Z] >>> [apiv2][query] GET https://firebase.googleapis.com/v1beta1/projects/barbaro-91af8 [none]
[debug] [2024-11-11T14:37:32.111Z] <<< [apiv2][status] GET https://firebase.googleapis.com/v1beta1/projects/barbaro-91af8 200
[debug] [2024-11-11T14:37:32.111Z] <<< [apiv2][body] GET https://firebase.googleapis.com/v1beta1/projects/barbaro-91af8 {"projectId":"barbaro-91af8","projectNumber":"950116710394","displayName":"barbaro","name":"projects/barbaro-91af8","resources":{"hostingSite":"barbaro-91af8","realtimeDatabaseInstance":"barbaro-91af8-default-rtdb"},"state":"ACTIVE","etag":"1_0c809995-e47d-41b7-a30c-7247e334da45"}
[info] i  functions: preparing codebase firebase-frameworks-barbaro-91af8 for deployment 
[info] i  functions: ensuring required API cloudfunctions.googleapis.com is enabled... 
[debug] [2024-11-11T14:37:32.118Z] Checked if tokens are valid: true, expires at: 1731337153211
[debug] [2024-11-11T14:37:32.118Z] Checked if tokens are valid: true, expires at: 1731337153211
[debug] [2024-11-11T14:37:32.119Z] Checked if tokens are valid: true, expires at: 1731337153211
[debug] [2024-11-11T14:37:32.119Z] Checked if tokens are valid: true, expires at: 1731337153211
[info] i  functions: ensuring required API cloudbuild.googleapis.com is enabled... 
[debug] [2024-11-11T14:37:32.121Z] Checked if tokens are valid: true, expires at: 1731337153211
[debug] [2024-11-11T14:37:32.121Z] Checked if tokens are valid: true, expires at: 1731337153211
[info] i  artifactregistry: ensuring required API artifactregistry.googleapis.com is enabled... 
[debug] [2024-11-11T14:37:32.122Z] Checked if tokens are valid: true, expires at: 1731337153211
[debug] [2024-11-11T14:37:32.123Z] Checked if tokens are valid: true, expires at: 1731337153211
[debug] [2024-11-11T14:37:32.123Z] >>> [apiv2][query] GET https://serviceusage.googleapis.com/v1/projects/barbaro-91af8/services/cloudfunctions.googleapis.com [none]
[debug] [2024-11-11T14:37:32.124Z] >>> [apiv2][(partial)header] GET https://serviceusage.googleapis.com/v1/projects/barbaro-91af8/services/cloudfunctions.googleapis.com x-goog-quota-user=projects/barbaro-91af8
[debug] [2024-11-11T14:37:32.127Z] >>> [apiv2][query] GET https://serviceusage.googleapis.com/v1/projects/barbaro-91af8/services/runtimeconfig.googleapis.com [none]
[debug] [2024-11-11T14:37:32.127Z] >>> [apiv2][(partial)header] GET https://serviceusage.googleapis.com/v1/projects/barbaro-91af8/services/runtimeconfig.googleapis.com x-goog-quota-user=projects/barbaro-91af8
[debug] [2024-11-11T14:37:32.129Z] >>> [apiv2][query] GET https://serviceusage.googleapis.com/v1/projects/barbaro-91af8/services/cloudbuild.googleapis.com [none]
[debug] [2024-11-11T14:37:32.129Z] >>> [apiv2][(partial)header] GET https://serviceusage.googleapis.com/v1/projects/barbaro-91af8/services/cloudbuild.googleapis.com x-goog-quota-user=projects/barbaro-91af8
[debug] [2024-11-11T14:37:32.132Z] >>> [apiv2][query] GET https://serviceusage.googleapis.com/v1/projects/barbaro-91af8/services/artifactregistry.googleapis.com [none]
[debug] [2024-11-11T14:37:32.132Z] >>> [apiv2][(partial)header] GET https://serviceusage.googleapis.com/v1/projects/barbaro-91af8/services/artifactregistry.googleapis.com x-goog-quota-user=projects/barbaro-91af8
[debug] [2024-11-11T14:37:33.529Z] <<< [apiv2][status] GET https://serviceusage.googleapis.com/v1/projects/barbaro-91af8/services/cloudbuild.googleapis.com 200
[debug] [2024-11-11T14:37:33.529Z] <<< [apiv2][body] GET https://serviceusage.googleapis.com/v1/projects/barbaro-91af8/services/cloudbuild.googleapis.com [omitted]
[info] +  functions: required API cloudbuild.googleapis.com is enabled 
[debug] [2024-11-11T14:37:33.530Z] <<< [apiv2][status] GET https://serviceusage.googleapis.com/v1/projects/barbaro-91af8/services/runtimeconfig.googleapis.com 200
[debug] [2024-11-11T14:37:33.531Z] <<< [apiv2][body] GET https://serviceusage.googleapis.com/v1/projects/barbaro-91af8/services/runtimeconfig.googleapis.com [omitted]
[debug] [2024-11-11T14:37:33.531Z] <<< [apiv2][status] GET https://serviceusage.googleapis.com/v1/projects/barbaro-91af8/services/cloudfunctions.googleapis.com 200
[debug] [2024-11-11T14:37:33.531Z] <<< [apiv2][body] GET https://serviceusage.googleapis.com/v1/projects/barbaro-91af8/services/cloudfunctions.googleapis.com [omitted]
[info] +  functions: required API cloudfunctions.googleapis.com is enabled 
[debug] [2024-11-11T14:37:33.533Z] <<< [apiv2][status] GET https://serviceusage.googleapis.com/v1/projects/barbaro-91af8/services/artifactregistry.googleapis.com 200
[debug] [2024-11-11T14:37:33.533Z] <<< [apiv2][body] GET https://serviceusage.googleapis.com/v1/projects/barbaro-91af8/services/artifactregistry.googleapis.com [omitted]
[info] +  artifactregistry: required API artifactregistry.googleapis.com is enabled 
[debug] [2024-11-11T14:37:33.534Z] Checked if tokens are valid: true, expires at: 1731337153211
[debug] [2024-11-11T14:37:33.534Z] Checked if tokens are valid: true, expires at: 1731337153211
[debug] [2024-11-11T14:37:33.534Z] >>> [apiv2][query] GET https://firebase.googleapis.com/v1beta1/projects/barbaro-91af8/adminSdkConfig [none]
[debug] [2024-11-11T14:37:33.960Z] <<< [apiv2][status] GET https://firebase.googleapis.com/v1beta1/projects/barbaro-91af8/adminSdkConfig 200
[debug] [2024-11-11T14:37:33.960Z] <<< [apiv2][body] GET https://firebase.googleapis.com/v1beta1/projects/barbaro-91af8/adminSdkConfig {"projectId":"barbaro-91af8","databaseURL":"https://barbaro-91af8-default-rtdb.europe-west1.firebasedatabase.app","storageBucket":"barbaro-91af8.firebasestorage.app"}
[debug] [2024-11-11T14:37:33.961Z] Checked if tokens are valid: true, expires at: 1731337153211
[debug] [2024-11-11T14:37:33.962Z] Checked if tokens are valid: true, expires at: 1731337153211
[debug] [2024-11-11T14:37:33.962Z] >>> [apiv2][query] GET https://runtimeconfig.googleapis.com/v1beta1/projects/barbaro-91af8/configs [none]
[debug] [2024-11-11T14:37:35.459Z] <<< [apiv2][status] GET https://runtimeconfig.googleapis.com/v1beta1/projects/barbaro-91af8/configs 200
[debug] [2024-11-11T14:37:35.459Z] <<< [apiv2][body] GET https://runtimeconfig.googleapis.com/v1beta1/projects/barbaro-91af8/configs {}
[debug] [2024-11-11T14:37:35.467Z] Validating nodejs source
[debug] [2024-11-11T14:37:37.563Z] > [functions] package.json contents: {
  "name": "barbaro",
  "version": "0.1.0",
  "private": true,
  "dependencies": {
    "@radix-ui/react-icons": "^1.3.0",
    "@radix-ui/react-label": "^2.1.0",
    "@radix-ui/react-select": "^2.1.2",
    "@radix-ui/react-slider": "^1.2.1",
    "@radix-ui/react-slot": "^1.1.0",
    "@react-pdf/renderer": "^4.0.0",
    "axios": "^1.7.7",
    "class-variance-authority": "^0.7.0",
    "clsx": "^2.1.1",
    "date-fns": "^4.1.0",
    "dotenv": "^16.4.5",
    "firebase": "^11.0.1",
    "form-data": "^4.0.1",
    "framer-motion": "^11.11.11",
    "googleapis": "^144.0.0",
    "lucide-react": "^0.453.0",
    "mailersend": "^2.3.0",
    "mailgun.js": "^10.2.3",
    "next": "^14.2.17",
    "node-mailjet": "^6.0.6",
    "nodemailer": "^6.9.15",
    "pdfkit": "^0.15.0",
    "react": "^18.3.1",
    "react-dom": "^18.2.0",
    "react-error-boundary": "^4.1.2",
    "react-toastify": "^10.0.6",
    "sendpulse-api": "^1.1.7",
    "tailwind-merge": "^2.5.4",
    "tailwindcss-animate": "^1.0.7",
    "firebase-frameworks": "^0.11.0",
    "firebase-functions": "^6.0.1",
    "firebase-admin": "^11.11.1"
  },
  "main": "server.js",
  "engines": {
    "node": "20"
  }
}
[debug] [2024-11-11T14:37:37.563Z] Building nodejs source
[info] i  functions: Loading and analyzing source code for codebase firebase-frameworks-barbaro-91af8 to determine what to deploy 
[debug] [2024-11-11T14:37:37.565Z] Could not find functions.yaml. Must use http discovery
[debug] [2024-11-11T14:37:37.576Z] Found firebase-functions binary at 'E:\barbaro\.firebase\barbaro-91af8\functions\node_modules\.bin\firebase-functions'
[info] Serving at port 8044

[debug] [2024-11-11T14:37:38.433Z] Got response from /__/functions.yaml {"endpoints":{"ssrbarbaro91af8":{"availableMemoryMb":null,"timeoutSeconds":null,"minInstances":null,"maxInstances":null,"ingressSettings":null,"concurrency":null,"serviceAccountEmail":null,"vpc":null,"platform":"gcfv2","labels":{},"httpsTrigger":{},"entryPoint":"ssrbarbaro91af8"}},"specVersion":"v1alpha1","requiredAPIs":[],"extensions":{}}
[info] i  extensions: ensuring required API firebaseextensions.googleapis.com is enabled... 
[debug] [2024-11-11T14:37:43.468Z] Checked if tokens are valid: true, expires at: 1731337153211
[debug] [2024-11-11T14:37:43.469Z] Checked if tokens are valid: true, expires at: 1731337153211
[debug] [2024-11-11T14:37:43.469Z] >>> [apiv2][query] GET https://serviceusage.googleapis.com/v1/projects/barbaro-91af8/services/firebaseextensions.googleapis.com [none]
[debug] [2024-11-11T14:37:43.469Z] >>> [apiv2][(partial)header] GET https://serviceusage.googleapis.com/v1/projects/barbaro-91af8/services/firebaseextensions.googleapis.com x-goog-quota-user=projects/barbaro-91af8
[debug] [2024-11-11T14:37:44.304Z] <<< [apiv2][status] GET https://serviceusage.googleapis.com/v1/projects/barbaro-91af8/services/firebaseextensions.googleapis.com 200
[debug] [2024-11-11T14:37:44.304Z] <<< [apiv2][body] GET https://serviceusage.googleapis.com/v1/projects/barbaro-91af8/services/firebaseextensions.googleapis.com [omitted]
[info] +  extensions: required API firebaseextensions.googleapis.com is enabled 
[debug] [2024-11-11T14:37:44.306Z] > command requires scopes: ["email","openid","https://www.googleapis.com/auth/cloudplatformprojects.readonly","https://www.googleapis.com/auth/firebase","https://www.googleapis.com/auth/cloud-platform"]
[debug] [2024-11-11T14:37:44.306Z] > authorizing via signed-in user (mrfentr@gmail.com)
[debug] [2024-11-11T14:37:44.306Z] [iam] checking project barbaro-91af8 for permissions ["firebase.projects.get","firebaseextensions.instances.list"]
[debug] [2024-11-11T14:37:44.307Z] Checked if tokens are valid: true, expires at: 1731337153211
[debug] [2024-11-11T14:37:44.307Z] Checked if tokens are valid: true, expires at: 1731337153211
[debug] [2024-11-11T14:37:44.308Z] >>> [apiv2][query] POST https://cloudresourcemanager.googleapis.com/v1/projects/barbaro-91af8:testIamPermissions [none]
[debug] [2024-11-11T14:37:44.308Z] >>> [apiv2][(partial)header] POST https://cloudresourcemanager.googleapis.com/v1/projects/barbaro-91af8:testIamPermissions x-goog-quota-user=projects/barbaro-91af8
[debug] [2024-11-11T14:37:44.308Z] >>> [apiv2][body] POST https://cloudresourcemanager.googleapis.com/v1/projects/barbaro-91af8:testIamPermissions {"permissions":["firebase.projects.get","firebaseextensions.instances.list"]}
[debug] [2024-11-11T14:37:45.424Z] <<< [apiv2][status] POST https://cloudresourcemanager.googleapis.com/v1/projects/barbaro-91af8:testIamPermissions 200
[debug] [2024-11-11T14:37:45.424Z] <<< [apiv2][body] POST https://cloudresourcemanager.googleapis.com/v1/projects/barbaro-91af8:testIamPermissions {"permissions":["firebase.projects.get","firebaseextensions.instances.list"]}
[debug] [2024-11-11T14:37:45.425Z] Checked if tokens are valid: true, expires at: 1731337153211
[debug] [2024-11-11T14:37:45.425Z] Checked if tokens are valid: true, expires at: 1731337153211
[debug] [2024-11-11T14:37:45.425Z] >>> [apiv2][query] GET https://firebaseextensions.googleapis.com/v1beta/projects/barbaro-91af8/instances pageSize=100&pageToken=
[debug] [2024-11-11T14:37:46.709Z] <<< [apiv2][status] GET https://firebaseextensions.googleapis.com/v1beta/projects/barbaro-91af8/instances 200
[debug] [2024-11-11T14:37:46.709Z] <<< [apiv2][body] GET https://firebaseextensions.googleapis.com/v1beta/projects/barbaro-91af8/instances {}
[info] i  functions: Loaded environment variables from .env. 
[info] i  functions: preparing .firebase\barbaro-91af8\functions directory for uploading... 
[info] i  functions: packaged E:\barbaro\.firebase\barbaro-91af8\functions (30.33 MB) for uploading 
[info] i  functions: ensuring required API run.googleapis.com is enabled... 
[debug] [2024-11-11T14:37:49.716Z] Checked if tokens are valid: true, expires at: 1731337153211
[debug] [2024-11-11T14:37:49.716Z] Checked if tokens are valid: true, expires at: 1731337153211
[info] i  functions: ensuring required API eventarc.googleapis.com is enabled... 
[debug] [2024-11-11T14:37:49.717Z] Checked if tokens are valid: true, expires at: 1731337153211
[debug] [2024-11-11T14:37:49.717Z] Checked if tokens are valid: true, expires at: 1731337153211
[info] i  functions: ensuring required API pubsub.googleapis.com is enabled... 
[debug] [2024-11-11T14:37:49.718Z] Checked if tokens are valid: true, expires at: 1731337153211
[debug] [2024-11-11T14:37:49.718Z] Checked if tokens are valid: true, expires at: 1731337153211
[info] i  functions: ensuring required API storage.googleapis.com is enabled... 
[debug] [2024-11-11T14:37:49.719Z] Checked if tokens are valid: true, expires at: 1731337153211
[debug] [2024-11-11T14:37:49.719Z] Checked if tokens are valid: true, expires at: 1731337153211
[debug] [2024-11-11T14:37:49.719Z] >>> [apiv2][query] GET https://serviceusage.googleapis.com/v1/projects/barbaro-91af8/services/run.googleapis.com [none]
[debug] [2024-11-11T14:37:49.719Z] >>> [apiv2][(partial)header] GET https://serviceusage.googleapis.com/v1/projects/barbaro-91af8/services/run.googleapis.com x-goog-quota-user=projects/barbaro-91af8
[debug] [2024-11-11T14:37:49.723Z] >>> [apiv2][query] GET https://serviceusage.googleapis.com/v1/projects/barbaro-91af8/services/eventarc.googleapis.com [none]
[debug] [2024-11-11T14:37:49.723Z] >>> [apiv2][(partial)header] GET https://serviceusage.googleapis.com/v1/projects/barbaro-91af8/services/eventarc.googleapis.com x-goog-quota-user=projects/barbaro-91af8
[debug] [2024-11-11T14:37:49.724Z] >>> [apiv2][query] GET https://serviceusage.googleapis.com/v1/projects/barbaro-91af8/services/pubsub.googleapis.com [none]
[debug] [2024-11-11T14:37:49.724Z] >>> [apiv2][(partial)header] GET https://serviceusage.googleapis.com/v1/projects/barbaro-91af8/services/pubsub.googleapis.com x-goog-quota-user=projects/barbaro-91af8
[debug] [2024-11-11T14:37:49.726Z] >>> [apiv2][query] GET https://serviceusage.googleapis.com/v1/projects/barbaro-91af8/services/storage.googleapis.com [none]
[debug] [2024-11-11T14:37:49.726Z] >>> [apiv2][(partial)header] GET https://serviceusage.googleapis.com/v1/projects/barbaro-91af8/services/storage.googleapis.com x-goog-quota-user=projects/barbaro-91af8
[debug] [2024-11-11T14:38:01.154Z] <<< [apiv2][status] GET https://serviceusage.googleapis.com/v1/projects/barbaro-91af8/services/run.googleapis.com 200
[debug] [2024-11-11T14:38:01.155Z] <<< [apiv2][body] GET https://serviceusage.googleapis.com/v1/projects/barbaro-91af8/services/run.googleapis.com [omitted]
[info] +  functions: required API run.googleapis.com is enabled 
[debug] [2024-11-11T14:38:02.066Z] <<< [apiv2][status] GET https://serviceusage.googleapis.com/v1/projects/barbaro-91af8/services/eventarc.googleapis.com 200
[debug] [2024-11-11T14:38:02.066Z] <<< [apiv2][body] GET https://serviceusage.googleapis.com/v1/projects/barbaro-91af8/services/eventarc.googleapis.com [omitted]
[info] +  functions: required API eventarc.googleapis.com is enabled 
[debug] [2024-11-11T14:38:02.069Z] <<< [apiv2][status] GET https://serviceusage.googleapis.com/v1/projects/barbaro-91af8/services/pubsub.googleapis.com 200
[debug] [2024-11-11T14:38:02.069Z] <<< [apiv2][body] GET https://serviceusage.googleapis.com/v1/projects/barbaro-91af8/services/pubsub.googleapis.com [omitted]
[info] +  functions: required API pubsub.googleapis.com is enabled 
[debug] [2024-11-11T14:38:02.071Z] <<< [apiv2][status] GET https://serviceusage.googleapis.com/v1/projects/barbaro-91af8/services/storage.googleapis.com 200
[debug] [2024-11-11T14:38:02.071Z] <<< [apiv2][body] GET https://serviceusage.googleapis.com/v1/projects/barbaro-91af8/services/storage.googleapis.com [omitted]
[info] +  functions: required API storage.googleapis.com is enabled 
[info] i  functions: generating the service identity for pubsub.googleapis.com... 
[debug] [2024-11-11T14:38:02.074Z] Checked if tokens are valid: true, expires at: 1731337153211
[debug] [2024-11-11T14:38:02.074Z] Checked if tokens are valid: true, expires at: 1731337153211
[info] i  functions: generating the service identity for eventarc.googleapis.com... 
[debug] [2024-11-11T14:38:02.077Z] Checked if tokens are valid: true, expires at: 1731337153211
[debug] [2024-11-11T14:38:02.077Z] Checked if tokens are valid: true, expires at: 1731337153211
[debug] [2024-11-11T14:38:02.078Z] >>> [apiv2][query] POST https://serviceusage.googleapis.com/v1beta1/projects/950116710394/services/pubsub.googleapis.com:generateServiceIdentity [none]
[debug] [2024-11-11T14:38:02.079Z] >>> [apiv2][query] POST https://serviceusage.googleapis.com/v1beta1/projects/950116710394/services/eventarc.googleapis.com:generateServiceIdentity [none]
[debug] [2024-11-11T14:38:06.996Z] <<< [apiv2][status] POST https://serviceusage.googleapis.com/v1beta1/projects/950116710394/services/eventarc.googleapis.com:generateServiceIdentity 200
[debug] [2024-11-11T14:38:06.996Z] <<< [apiv2][body] POST https://serviceusage.googleapis.com/v1beta1/projects/950116710394/services/eventarc.googleapis.com:generateServiceIdentity {"name":"operations/finished.DONE_OPERATION","done":true,"response":{"@type":"type.googleapis.com/google.api.serviceusage.v1beta1.ServiceIdentity","email":"service-950116710394@gcp-sa-eventarc.iam.gserviceaccount.com","uniqueId":"115692913510935035265"}}
[debug] [2024-11-11T14:38:06.998Z] <<< [apiv2][status] POST https://serviceusage.googleapis.com/v1beta1/projects/950116710394/services/pubsub.googleapis.com:generateServiceIdentity 200
[debug] [2024-11-11T14:38:06.998Z] <<< [apiv2][body] POST https://serviceusage.googleapis.com/v1beta1/projects/950116710394/services/pubsub.googleapis.com:generateServiceIdentity {"name":"operations/finished.DONE_OPERATION","done":true,"response":{"@type":"type.googleapis.com/google.api.serviceusage.v1beta1.ServiceIdentity","email":"service-950116710394@gcp-sa-pubsub.iam.gserviceaccount.com","uniqueId":"105129287844410371321"}}
[debug] [2024-11-11T14:38:06.999Z] Checked if tokens are valid: true, expires at: 1731337153211
[debug] [2024-11-11T14:38:06.999Z] Checked if tokens are valid: true, expires at: 1731337153211
[debug] [2024-11-11T14:38:07.000Z] >>> [apiv2][query] GET https://firebase.googleapis.com/v1beta1/projects/barbaro-91af8 [none]
[debug] [2024-11-11T14:38:12.193Z] <<< [apiv2][status] GET https://firebase.googleapis.com/v1beta1/projects/barbaro-91af8 200
[debug] [2024-11-11T14:38:12.193Z] <<< [apiv2][body] GET https://firebase.googleapis.com/v1beta1/projects/barbaro-91af8 {"projectId":"barbaro-91af8","projectNumber":"950116710394","displayName":"barbaro","name":"projects/barbaro-91af8","resources":{"hostingSite":"barbaro-91af8","realtimeDatabaseInstance":"barbaro-91af8-default-rtdb"},"state":"ACTIVE","etag":"1_0c809995-e47d-41b7-a30c-7247e334da45"}
[debug] [2024-11-11T14:38:12.198Z] Checked if tokens are valid: true, expires at: 1731337153211
[debug] [2024-11-11T14:38:12.198Z] Checked if tokens are valid: true, expires at: 1731337153211
[debug] [2024-11-11T14:38:12.198Z] >>> [apiv2][query] POST https://firebasehosting.googleapis.com/v1beta1/projects/-/sites/barbaro-91af8/versions [none]
[debug] [2024-11-11T14:38:12.198Z] >>> [apiv2][body] POST https://firebasehosting.googleapis.com/v1beta1/projects/-/sites/barbaro-91af8/versions {"status":"CREATED","labels":{"deployment-tool":"cli-firebase","firebase-web-framework":"next_ssr"}}
[debug] [2024-11-11T14:38:13.343Z] <<< [apiv2][status] POST https://firebasehosting.googleapis.com/v1beta1/projects/-/sites/barbaro-91af8/versions 200
[debug] [2024-11-11T14:38:13.343Z] <<< [apiv2][body] POST https://firebasehosting.googleapis.com/v1beta1/projects/-/sites/barbaro-91af8/versions {"name":"projects/950116710394/sites/barbaro-91af8/versions/3f16fb199ff5ecb0","status":"CREATED","config":{},"labels":{"deployment-tool":"cli-firebase","firebase-web-framework":"next_ssr"}}
[debug] [2024-11-11T14:38:13.344Z] Checked if tokens are valid: true, expires at: 1731337153211
[debug] [2024-11-11T14:38:13.344Z] Checked if tokens are valid: true, expires at: 1731337153211
[debug] [2024-11-11T14:38:13.345Z] >>> [apiv2][query] GET https://cloudbilling.googleapis.com/v1/projects/barbaro-91af8/billingInfo [none]
[debug] [2024-11-11T14:38:15.905Z] <<< [apiv2][status] GET https://cloudbilling.googleapis.com/v1/projects/barbaro-91af8/billingInfo 200
[debug] [2024-11-11T14:38:15.905Z] <<< [apiv2][body] GET https://cloudbilling.googleapis.com/v1/projects/barbaro-91af8/billingInfo {"name":"projects/barbaro-91af8/billingInfo","projectId":"barbaro-91af8","billingAccountName":"","billingEnabled":false}
[debug] [2024-11-11T14:38:15.906Z] Checked if tokens are valid: true, expires at: 1731337153211
[debug] [2024-11-11T14:38:15.906Z] Checked if tokens are valid: true, expires at: 1731337153211
[debug] [2024-11-11T14:38:15.906Z] >>> [apiv2][query] GET https://cloudbilling.googleapis.com/v1/billingAccounts [none]
[debug] [2024-11-11T14:38:17.754Z] <<< [apiv2][status] GET https://cloudbilling.googleapis.com/v1/billingAccounts 200
[debug] [2024-11-11T14:38:17.754Z] <<< [apiv2][body] GET https://cloudbilling.googleapis.com/v1/billingAccounts {"billingAccounts":[{"name":"billingAccounts/012597-DAF40D-1C0BB4","open":false,"displayName":"My Billing Account","masterBillingAccount":"","parent":"","currencyCode":"USD"},{"name":"billingAccounts/013A43-1F818C-EB1D56","open":true,"displayName":"Hasan","masterBillingAccount":"","parent":"","currencyCode":"USD"}],"nextPageToken":""}
